E:\PHYSICALLY BASED SIMULATION CODES\MYPROJECTS\MYCUDAPCISPH\OUTPUT\RELEASE\BANK_CHECKER.OBJ
E:\PHYSICALLY BASED SIMULATION CODES\MYPROJECTS\MYCUDAPCISPH\OUTPUT\RELEASE\CAMERA3D.OBJ
E:\Physically Based Simulation Codes\myProjects\myCudaPcisph\output\Release\cl.command.1.tlog
E:\Physically Based Simulation Codes\myProjects\myCudaPcisph\output\Release\CL.read.1.tlog
E:\Physically Based Simulation Codes\myProjects\myCudaPcisph\output\Release\CL.write.1.tlog
E:\PHYSICALLY BASED SIMULATION CODES\MYPROJECTS\MYCUDAPCISPH\OUTPUT\RELEASE\CMD_ARG_READER.OBJ
E:\Physically Based Simulation Codes\myProjects\myCudaPcisph\output\Release\custombuild.command.1.tlog
E:\Physically Based Simulation Codes\myProjects\myCudaPcisph\output\Release\custombuild.read.1.tlog
E:\Physically Based Simulation Codes\myProjects\myCudaPcisph\output\Release\custombuild.write.1.tlog
E:\PHYSICALLY BASED SIMULATION CODES\MYPROJECTS\MYCUDAPCISPH\OUTPUT\RELEASE\CUTIL.OBJ
E:\PHYSICALLY BASED SIMULATION CODES\MYPROJECTS\MYCUDAPCISPH\OUTPUT\RELEASE\FACE.OBJ
E:\PHYSICALLY BASED SIMULATION CODES\MYPROJECTS\MYCUDAPCISPH\OUTPUT\RELEASE\FLUID_SYSTEM.OBJ
E:\PHYSICALLY BASED SIMULATION CODES\MYPROJECTS\MYCUDAPCISPH\OUTPUT\RELEASE\GL_HELPER.OBJ
E:\PHYSICALLY BASED SIMULATION CODES\MYPROJECTS\MYCUDAPCISPH\OUTPUT\RELEASE\GLEE.OBJ
E:\PHYSICALLY BASED SIMULATION CODES\MYPROJECTS\MYCUDAPCISPH\OUTPUT\RELEASE\IMAGE.OBJ
E:\Physically Based Simulation Codes\myProjects\myCudaPcisph\output\Release\link.command.1.tlog
E:\Physically Based Simulation Codes\myProjects\myCudaPcisph\output\Release\link.read.1.tlog
E:\Physically Based Simulation Codes\myProjects\myCudaPcisph\output\Release\link.write.1.tlog
E:\Physically Based Simulation Codes\myProjects\myCudaPcisph\output\Release\link-cvtres.read.1.tlog
E:\Physically Based Simulation Codes\myProjects\myCudaPcisph\output\Release\link-cvtres.write.1.tlog
E:\PHYSICALLY BASED SIMULATION CODES\MYPROJECTS\MYCUDAPCISPH\OUTPUT\RELEASE\MAIN.OBJ
E:\PHYSICALLY BASED SIMULATION CODES\MYPROJECTS\MYCUDAPCISPH\OUTPUT\RELEASE\MATRIX.OBJ
E:\PHYSICALLY BASED SIMULATION CODES\MYPROJECTS\MYCUDAPCISPH\OUTPUT\RELEASE\MATRIX3X3.OBJ
E:\PHYSICALLY BASED SIMULATION CODES\MYPROJECTS\MYCUDAPCISPH\OUTPUT\RELEASE\MDEBUG.OBJ
E:\PHYSICALLY BASED SIMULATION CODES\MYPROJECTS\MYCUDAPCISPH\OUTPUT\RELEASE\MESH.OBJ
E:\Physically Based Simulation Codes\myProjects\myCudaPcisph\output\Release\mt.command.1.tlog
E:\Physically Based Simulation Codes\myProjects\myCudaPcisph\output\Release\mt.read.1.tlog
E:\Physically Based Simulation Codes\myProjects\myCudaPcisph\output\Release\mt.write.1.tlog
E:\PHYSICALLY BASED SIMULATION CODES\MYPROJECTS\MYCUDAPCISPH\OUTPUT\RELEASE\MTIME.OBJ
E:\PHYSICALLY BASED SIMULATION CODES\MYPROJECTS\MYCUDAPCISPH\OUTPUT\RELEASE\MYCUDAPCISPH.EXE.EMBED.MANIFEST
E:\PHYSICALLY BASED SIMULATION CODES\MYPROJECTS\MYCUDAPCISPH\OUTPUT\RELEASE\MYCUDAPCISPH.EXE.EMBED.MANIFEST.RES
E:\PHYSICALLY BASED SIMULATION CODES\MYPROJECTS\MYCUDAPCISPH\OUTPUT\RELEASE\MYCUDAPCISPH.EXE.INTERMEDIATE.MANIFEST
E:\Physically Based Simulation Codes\myProjects\myCudaPcisph\output\Release\myCudaPcisph_manifest.rc
E:\PHYSICALLY BASED SIMULATION CODES\MYPROJECTS\MYCUDAPCISPH\OUTPUT\RELEASE\OBJECTLOADER.OBJ
E:\PHYSICALLY BASED SIMULATION CODES\MYPROJECTS\MYCUDAPCISPH\OUTPUT\RELEASE\OBJLOADER.OBJ
E:\PHYSICALLY BASED SIMULATION CODES\MYPROJECTS\MYCUDAPCISPH\OUTPUT\RELEASE\PIVOTX.OBJ
E:\PHYSICALLY BASED SIMULATION CODES\MYPROJECTS\MYCUDAPCISPH\OUTPUT\RELEASE\POLYGON.OBJ
E:\Physically Based Simulation Codes\myProjects\myCudaPcisph\output\Release\rc.command.1.tlog
E:\Physically Based Simulation Codes\myProjects\myCudaPcisph\output\Release\rc.read.1.tlog
E:\Physically Based Simulation Codes\myProjects\myCudaPcisph\output\Release\rc.write.1.tlog
E:\PHYSICALLY BASED SIMULATION CODES\MYPROJECTS\MYCUDAPCISPH\OUTPUT\RELEASE\SCENE.OBJ
E:\PHYSICALLY BASED SIMULATION CODES\MYPROJECTS\MYCUDAPCISPH\OUTPUT\RELEASE\TINYSTR.OBJ
E:\PHYSICALLY BASED SIMULATION CODES\MYPROJECTS\MYCUDAPCISPH\OUTPUT\RELEASE\TINYXML.OBJ
E:\PHYSICALLY BASED SIMULATION CODES\MYPROJECTS\MYCUDAPCISPH\OUTPUT\RELEASE\TINYXMLERROR.OBJ
E:\PHYSICALLY BASED SIMULATION CODES\MYPROJECTS\MYCUDAPCISPH\OUTPUT\RELEASE\TINYXMLPARSER.OBJ
E:\PHYSICALLY BASED SIMULATION CODES\MYPROJECTS\MYCUDAPCISPH\OUTPUT\RELEASE\UTILITIES.OBJ
E:\PHYSICALLY BASED SIMULATION CODES\MYPROJECTS\MYCUDAPCISPH\OUTPUT\RELEASE\VC100.PDB
E:\PHYSICALLY BASED SIMULATION CODES\MYPROJECTS\MYCUDAPCISPH\OUTPUT\RELEASE\VECTOR.OBJ
E:\PHYSICALLY BASED SIMULATION CODES\MYPROJECTS\MYCUDAPCISPH\OUTPUT\RELEASE\VECTOR3D.OBJ
E:\PHYSICALLY BASED SIMULATION CODES\MYPROJECTS\MYCUDAPCISPH\OUTPUT\RELEASE\XML_SETTINGS.OBJ
E:\PHYSICALLY BASED SIMULATION CODES\MYPROJECTS\MYCUDAPCISPH\OUTPUT\RELEASE\ZINDEX.OBJ
E:\PHYSICALLY BASED SIMULATION CODES\MYPROJECTS\MYCUDAPCISPH\RELEASE\FLUID_SYSTEM_CU.OBJ
E:\PHYSICALLY BASED SIMULATION CODES\MYPROJECTS\MYCUDAPCISPH\RELEASE\FLUID_SYSTEM_KERN.OBJ
E:\PHYSICALLY BASED SIMULATION CODES\MYPROJECTS\MYCUDAPCISPH\RELEASE\MYCUDAPCISPH.EXE
