C:\USERS\GFANS\DESKTOP\ISPH_NVIDIA_CUDA_CONTEST\DEBUG\FLUID_SYSTEM_HOST.OBJ
C:\USERS\GFANS\DESKTOP\ISPH_NVIDIA_CUDA_CONTEST\DEBUG\FLUID_SYSTEM_KERN.OBJ
C:\USERS\GFANS\DESKTOP\ISPH_NVIDIA_CUDA_CONTEST\DEBUG\ISPH_NVIDIA_CUDA_CONTEST.EXE
C:\USERS\GFANS\DESKTOP\ISPH_NVIDIA_CUDA_CONTEST\DEBUG\ISPH_NVIDIA_CUDA_CONTEST.ILK
C:\USERS\GFANS\DESKTOP\ISPH_NVIDIA_CUDA_CONTEST\DEBUG\ISPH_NVIDIA_CUDA_CONTEST.PDB
C:\USERS\GFANS\DESKTOP\ISPH_NVIDIA_CUDA_CONTEST\OUTPUT\DEBUG\BANK_CHECKER.OBJ
C:\USERS\GFANS\DESKTOP\ISPH_NVIDIA_CUDA_CONTEST\OUTPUT\DEBUG\CAMERA3D.OBJ
C:\USERS\GFANS\DESKTOP\ISPH_NVIDIA_CUDA_CONTEST\OUTPUT\DEBUG\CMD_ARG_READER.OBJ
C:\USERS\GFANS\DESKTOP\ISPH_NVIDIA_CUDA_CONTEST\OUTPUT\DEBUG\CUTIL.OBJ
C:\USERS\GFANS\DESKTOP\ISPH_NVIDIA_CUDA_CONTEST\OUTPUT\DEBUG\FACE.OBJ
C:\USERS\GFANS\DESKTOP\ISPH_NVIDIA_CUDA_CONTEST\OUTPUT\DEBUG\FLUID_SYSTEM.OBJ
C:\USERS\GFANS\DESKTOP\ISPH_NVIDIA_CUDA_CONTEST\OUTPUT\DEBUG\GL_HELPER.OBJ
C:\USERS\GFANS\DESKTOP\ISPH_NVIDIA_CUDA_CONTEST\OUTPUT\DEBUG\GLEE.OBJ
C:\USERS\GFANS\DESKTOP\ISPH_NVIDIA_CUDA_CONTEST\OUTPUT\DEBUG\IMAGE.OBJ
C:\USERS\GFANS\DESKTOP\ISPH_NVIDIA_CUDA_CONTEST\OUTPUT\DEBUG\ISPH_NVIDIA_CUDA_CONTEST.EXE.EMBED.MANIFEST
C:\USERS\GFANS\DESKTOP\ISPH_NVIDIA_CUDA_CONTEST\OUTPUT\DEBUG\ISPH_NVIDIA_CUDA_CONTEST.EXE.EMBED.MANIFEST.RES
C:\USERS\GFANS\DESKTOP\ISPH_NVIDIA_CUDA_CONTEST\OUTPUT\DEBUG\ISPH_NVIDIA_CUDA_CONTEST.EXE.INTERMEDIATE.MANIFEST
C:\USERS\GFANS\DESKTOP\ISPH_NVIDIA_CUDA_CONTEST\OUTPUT\DEBUG\MAIN.OBJ
C:\USERS\GFANS\DESKTOP\ISPH_NVIDIA_CUDA_CONTEST\OUTPUT\DEBUG\MATRIX.OBJ
C:\USERS\GFANS\DESKTOP\ISPH_NVIDIA_CUDA_CONTEST\OUTPUT\DEBUG\MATRIX3X3.OBJ
C:\USERS\GFANS\DESKTOP\ISPH_NVIDIA_CUDA_CONTEST\OUTPUT\DEBUG\MDEBUG.OBJ
C:\USERS\GFANS\DESKTOP\ISPH_NVIDIA_CUDA_CONTEST\OUTPUT\DEBUG\MESH.OBJ
C:\USERS\GFANS\DESKTOP\ISPH_NVIDIA_CUDA_CONTEST\OUTPUT\DEBUG\MTIME.OBJ
C:\USERS\GFANS\DESKTOP\ISPH_NVIDIA_CUDA_CONTEST\OUTPUT\DEBUG\OBJECTLOADER.OBJ
C:\USERS\GFANS\DESKTOP\ISPH_NVIDIA_CUDA_CONTEST\OUTPUT\DEBUG\OBJLOADER.OBJ
C:\USERS\GFANS\DESKTOP\ISPH_NVIDIA_CUDA_CONTEST\OUTPUT\DEBUG\PIVOTX.OBJ
C:\USERS\GFANS\DESKTOP\ISPH_NVIDIA_CUDA_CONTEST\OUTPUT\DEBUG\POLYGON.OBJ
C:\USERS\GFANS\DESKTOP\ISPH_NVIDIA_CUDA_CONTEST\OUTPUT\DEBUG\SCENE.OBJ
C:\USERS\GFANS\DESKTOP\ISPH_NVIDIA_CUDA_CONTEST\OUTPUT\DEBUG\TINYSTR.OBJ
C:\USERS\GFANS\DESKTOP\ISPH_NVIDIA_CUDA_CONTEST\OUTPUT\DEBUG\TINYXML.OBJ
C:\USERS\GFANS\DESKTOP\ISPH_NVIDIA_CUDA_CONTEST\OUTPUT\DEBUG\TINYXMLERROR.OBJ
C:\USERS\GFANS\DESKTOP\ISPH_NVIDIA_CUDA_CONTEST\OUTPUT\DEBUG\TINYXMLPARSER.OBJ
C:\USERS\GFANS\DESKTOP\ISPH_NVIDIA_CUDA_CONTEST\OUTPUT\DEBUG\UTILITIES.OBJ
C:\USERS\GFANS\DESKTOP\ISPH_NVIDIA_CUDA_CONTEST\OUTPUT\DEBUG\VC100.PDB
C:\USERS\GFANS\DESKTOP\ISPH_NVIDIA_CUDA_CONTEST\OUTPUT\DEBUG\VECTOR.OBJ
C:\USERS\GFANS\DESKTOP\ISPH_NVIDIA_CUDA_CONTEST\OUTPUT\DEBUG\VECTOR3D.OBJ
C:\USERS\GFANS\DESKTOP\ISPH_NVIDIA_CUDA_CONTEST\OUTPUT\DEBUG\XML_SETTINGS.OBJ
Debug\ISPH_NVIDIA_CUDA_CONTEST.ilk
Debug\ISPH_NVIDIA_CUDA_CONTEST.pdb
E:\CUDA related materials\CUDA校园大赛作品\我的作品\基于CUDA技术的高效流体模拟方法\bin\src\ISPH_NVIDIA_CUDA_CONTEST\Debug\ISPH_NVIDIA_CUDA_CONTEST.exe
E:\CUDA related materials\CUDA校园大赛作品\我的作品\基于CUDA技术的高效流体模拟方法\bin\src\ISPH_NVIDIA_CUDA_CONTEST\output\Debug\bank_checker.obj
E:\CUDA related materials\CUDA校园大赛作品\我的作品\基于CUDA技术的高效流体模拟方法\bin\src\ISPH_NVIDIA_CUDA_CONTEST\output\Debug\camera3d.obj
E:\CUDA related materials\CUDA校园大赛作品\我的作品\基于CUDA技术的高效流体模拟方法\bin\src\ISPH_NVIDIA_CUDA_CONTEST\output\Debug\cl.command.1.tlog
E:\CUDA related materials\CUDA校园大赛作品\我的作品\基于CUDA技术的高效流体模拟方法\bin\src\ISPH_NVIDIA_CUDA_CONTEST\output\Debug\CL.read.1.tlog
E:\CUDA related materials\CUDA校园大赛作品\我的作品\基于CUDA技术的高效流体模拟方法\bin\src\ISPH_NVIDIA_CUDA_CONTEST\output\Debug\CL.write.1.tlog
E:\CUDA related materials\CUDA校园大赛作品\我的作品\基于CUDA技术的高效流体模拟方法\bin\src\ISPH_NVIDIA_CUDA_CONTEST\output\Debug\cmd_arg_reader.obj
E:\CUDA related materials\CUDA校园大赛作品\我的作品\基于CUDA技术的高效流体模拟方法\bin\src\ISPH_NVIDIA_CUDA_CONTEST\output\Debug\custombuild.command.1.tlog
E:\CUDA related materials\CUDA校园大赛作品\我的作品\基于CUDA技术的高效流体模拟方法\bin\src\ISPH_NVIDIA_CUDA_CONTEST\output\Debug\custombuild.read.1.tlog
E:\CUDA related materials\CUDA校园大赛作品\我的作品\基于CUDA技术的高效流体模拟方法\bin\src\ISPH_NVIDIA_CUDA_CONTEST\output\Debug\custombuild.write.1.tlog
E:\CUDA related materials\CUDA校园大赛作品\我的作品\基于CUDA技术的高效流体模拟方法\bin\src\ISPH_NVIDIA_CUDA_CONTEST\output\Debug\cutil.obj
E:\CUDA related materials\CUDA校园大赛作品\我的作品\基于CUDA技术的高效流体模拟方法\bin\src\ISPH_NVIDIA_CUDA_CONTEST\output\Debug\Face.obj
E:\CUDA related materials\CUDA校园大赛作品\我的作品\基于CUDA技术的高效流体模拟方法\bin\src\ISPH_NVIDIA_CUDA_CONTEST\output\Debug\fluid_system.obj
E:\CUDA related materials\CUDA校园大赛作品\我的作品\基于CUDA技术的高效流体模拟方法\bin\src\ISPH_NVIDIA_CUDA_CONTEST\output\Debug\gl_helper.obj
E:\CUDA related materials\CUDA校园大赛作品\我的作品\基于CUDA技术的高效流体模拟方法\bin\src\ISPH_NVIDIA_CUDA_CONTEST\output\Debug\glee.obj
E:\CUDA related materials\CUDA校园大赛作品\我的作品\基于CUDA技术的高效流体模拟方法\bin\src\ISPH_NVIDIA_CUDA_CONTEST\output\Debug\image.obj
E:\CUDA related materials\CUDA校园大赛作品\我的作品\基于CUDA技术的高效流体模拟方法\bin\src\ISPH_NVIDIA_CUDA_CONTEST\output\Debug\ISPH_NVIDIA_CUDA_CONTEST.exe.embed.manifest
E:\CUDA related materials\CUDA校园大赛作品\我的作品\基于CUDA技术的高效流体模拟方法\bin\src\ISPH_NVIDIA_CUDA_CONTEST\output\Debug\ISPH_NVIDIA_CUDA_CONTEST.exe.embed.manifest.res
E:\CUDA related materials\CUDA校园大赛作品\我的作品\基于CUDA技术的高效流体模拟方法\bin\src\ISPH_NVIDIA_CUDA_CONTEST\output\Debug\ISPH_NVIDIA_CUDA_CONTEST.exe.intermediate.manifest
E:\CUDA related materials\CUDA校园大赛作品\我的作品\基于CUDA技术的高效流体模拟方法\bin\src\ISPH_NVIDIA_CUDA_CONTEST\output\Debug\ISPH_NVIDIA_CUDA_CONTEST_manifest.rc
E:\CUDA related materials\CUDA校园大赛作品\我的作品\基于CUDA技术的高效流体模拟方法\bin\src\ISPH_NVIDIA_CUDA_CONTEST\output\Debug\link.3188.read.1.tlog
E:\CUDA related materials\CUDA校园大赛作品\我的作品\基于CUDA技术的高效流体模拟方法\bin\src\ISPH_NVIDIA_CUDA_CONTEST\output\Debug\link.3188.write.1.tlog
E:\CUDA related materials\CUDA校园大赛作品\我的作品\基于CUDA技术的高效流体模拟方法\bin\src\ISPH_NVIDIA_CUDA_CONTEST\output\Debug\link.3188-cvtres.read.1.tlog
E:\CUDA related materials\CUDA校园大赛作品\我的作品\基于CUDA技术的高效流体模拟方法\bin\src\ISPH_NVIDIA_CUDA_CONTEST\output\Debug\link.3188-cvtres.write.1.tlog
E:\CUDA related materials\CUDA校园大赛作品\我的作品\基于CUDA技术的高效流体模拟方法\bin\src\ISPH_NVIDIA_CUDA_CONTEST\output\Debug\link.command.1.tlog
E:\CUDA related materials\CUDA校园大赛作品\我的作品\基于CUDA技术的高效流体模拟方法\bin\src\ISPH_NVIDIA_CUDA_CONTEST\output\Debug\link.read.1.tlog
E:\CUDA related materials\CUDA校园大赛作品\我的作品\基于CUDA技术的高效流体模拟方法\bin\src\ISPH_NVIDIA_CUDA_CONTEST\output\Debug\link.write.1.tlog
E:\CUDA related materials\CUDA校园大赛作品\我的作品\基于CUDA技术的高效流体模拟方法\bin\src\ISPH_NVIDIA_CUDA_CONTEST\output\Debug\link-cvtres.read.1.tlog
E:\CUDA related materials\CUDA校园大赛作品\我的作品\基于CUDA技术的高效流体模拟方法\bin\src\ISPH_NVIDIA_CUDA_CONTEST\output\Debug\link-cvtres.write.1.tlog
E:\CUDA related materials\CUDA校园大赛作品\我的作品\基于CUDA技术的高效流体模拟方法\bin\src\ISPH_NVIDIA_CUDA_CONTEST\output\Debug\main.obj
E:\CUDA related materials\CUDA校园大赛作品\我的作品\基于CUDA技术的高效流体模拟方法\bin\src\ISPH_NVIDIA_CUDA_CONTEST\output\Debug\matrix.obj
E:\CUDA related materials\CUDA校园大赛作品\我的作品\基于CUDA技术的高效流体模拟方法\bin\src\ISPH_NVIDIA_CUDA_CONTEST\output\Debug\Matrix3x3.obj
E:\CUDA related materials\CUDA校园大赛作品\我的作品\基于CUDA技术的高效流体模拟方法\bin\src\ISPH_NVIDIA_CUDA_CONTEST\output\Debug\mdebug.obj
E:\CUDA related materials\CUDA校园大赛作品\我的作品\基于CUDA技术的高效流体模拟方法\bin\src\ISPH_NVIDIA_CUDA_CONTEST\output\Debug\Mesh.obj
E:\CUDA related materials\CUDA校园大赛作品\我的作品\基于CUDA技术的高效流体模拟方法\bin\src\ISPH_NVIDIA_CUDA_CONTEST\output\Debug\mt.command.1.tlog
E:\CUDA related materials\CUDA校园大赛作品\我的作品\基于CUDA技术的高效流体模拟方法\bin\src\ISPH_NVIDIA_CUDA_CONTEST\output\Debug\mt.read.1.tlog
E:\CUDA related materials\CUDA校园大赛作品\我的作品\基于CUDA技术的高效流体模拟方法\bin\src\ISPH_NVIDIA_CUDA_CONTEST\output\Debug\mt.write.1.tlog
E:\CUDA related materials\CUDA校园大赛作品\我的作品\基于CUDA技术的高效流体模拟方法\bin\src\ISPH_NVIDIA_CUDA_CONTEST\output\Debug\mtime.obj
E:\CUDA related materials\CUDA校园大赛作品\我的作品\基于CUDA技术的高效流体模拟方法\bin\src\ISPH_NVIDIA_CUDA_CONTEST\output\Debug\ObjectLoader.obj
E:\CUDA related materials\CUDA校园大赛作品\我的作品\基于CUDA技术的高效流体模拟方法\bin\src\ISPH_NVIDIA_CUDA_CONTEST\output\Debug\ObjLoader.obj
E:\CUDA related materials\CUDA校园大赛作品\我的作品\基于CUDA技术的高效流体模拟方法\bin\src\ISPH_NVIDIA_CUDA_CONTEST\output\Debug\pivotx.obj
E:\CUDA related materials\CUDA校园大赛作品\我的作品\基于CUDA技术的高效流体模拟方法\bin\src\ISPH_NVIDIA_CUDA_CONTEST\output\Debug\Polygon.obj
E:\CUDA related materials\CUDA校园大赛作品\我的作品\基于CUDA技术的高效流体模拟方法\bin\src\ISPH_NVIDIA_CUDA_CONTEST\output\Debug\rc.command.1.tlog
E:\CUDA related materials\CUDA校园大赛作品\我的作品\基于CUDA技术的高效流体模拟方法\bin\src\ISPH_NVIDIA_CUDA_CONTEST\output\Debug\rc.read.1.tlog
E:\CUDA related materials\CUDA校园大赛作品\我的作品\基于CUDA技术的高效流体模拟方法\bin\src\ISPH_NVIDIA_CUDA_CONTEST\output\Debug\rc.write.1.tlog
E:\CUDA related materials\CUDA校园大赛作品\我的作品\基于CUDA技术的高效流体模拟方法\bin\src\ISPH_NVIDIA_CUDA_CONTEST\output\Debug\Scene.obj
E:\CUDA related materials\CUDA校园大赛作品\我的作品\基于CUDA技术的高效流体模拟方法\bin\src\ISPH_NVIDIA_CUDA_CONTEST\output\Debug\tinystr.obj
E:\CUDA related materials\CUDA校园大赛作品\我的作品\基于CUDA技术的高效流体模拟方法\bin\src\ISPH_NVIDIA_CUDA_CONTEST\output\Debug\tinyxml.obj
E:\CUDA related materials\CUDA校园大赛作品\我的作品\基于CUDA技术的高效流体模拟方法\bin\src\ISPH_NVIDIA_CUDA_CONTEST\output\Debug\tinyxmlerror.obj
E:\CUDA related materials\CUDA校园大赛作品\我的作品\基于CUDA技术的高效流体模拟方法\bin\src\ISPH_NVIDIA_CUDA_CONTEST\output\Debug\tinyxmlparser.obj
E:\CUDA related materials\CUDA校园大赛作品\我的作品\基于CUDA技术的高效流体模拟方法\bin\src\ISPH_NVIDIA_CUDA_CONTEST\output\Debug\utilities.obj
E:\CUDA related materials\CUDA校园大赛作品\我的作品\基于CUDA技术的高效流体模拟方法\bin\src\ISPH_NVIDIA_CUDA_CONTEST\output\Debug\vc100.idb
E:\CUDA related materials\CUDA校园大赛作品\我的作品\基于CUDA技术的高效流体模拟方法\bin\src\ISPH_NVIDIA_CUDA_CONTEST\output\Debug\vc100.pdb
E:\CUDA related materials\CUDA校园大赛作品\我的作品\基于CUDA技术的高效流体模拟方法\bin\src\ISPH_NVIDIA_CUDA_CONTEST\output\Debug\vector.obj
E:\CUDA related materials\CUDA校园大赛作品\我的作品\基于CUDA技术的高效流体模拟方法\bin\src\ISPH_NVIDIA_CUDA_CONTEST\output\Debug\Vector3D.obj
E:\CUDA related materials\CUDA校园大赛作品\我的作品\基于CUDA技术的高效流体模拟方法\bin\src\ISPH_NVIDIA_CUDA_CONTEST\output\Debug\xml_settings.obj
